This is pdfTeX, Version 3.1415926-2.5-1.40.14 (TeX Live 2013) (format=pdflatex 2013.5.30)  6 OCT 2014 14:23
entering extended mode
 restricted \write18 enabled.
 %&-line parsing enabled.
**OCDFT_PCCP.tex
(./OCDFT_PCCP.tex
LaTeX2e <2011/06/27>
Babel <3.9f> and hyphenation patterns for 78 languages loaded.
(/usr/local/texlive/2013/texmf-dist/tex/latex/base/article.cls
Document Class: article 2007/10/19 v1.4h Standard LaTeX document class
(/usr/local/texlive/2013/texmf-dist/tex/latex/base/size10.clo
File: size10.clo 2007/10/19 v1.4h Standard LaTeX file (size option)
)
\c@part=\count79
\c@section=\count80
\c@subsection=\count81
\c@subsubsection=\count82
\c@paragraph=\count83
\c@subparagraph=\count84
\c@figure=\count85
\c@table=\count86
\abovecaptionskip=\skip41
\belowcaptionskip=\skip42
\bibindent=\dimen102
)
(/usr/local/texlive/2013/texmf-dist/tex/latex/natbib/natbib.sty
Package: natbib 2010/09/13 8.31b (PWD, AO)
\bibhang=\skip43
\bibsep=\skip44
LaTeX Info: Redefining \cite on input line 694.
\c@NAT@ctr=\count87
) (./mhchem.sty
Package: mhchem 2014/03/20 v3.16 for typesetting chemical formulae

(/usr/local/texlive/2013/texmf-dist/tex/latex/base/ifthen.sty
Package: ifthen 2001/05/26 v1.1c Standard LaTeX ifthen package (DPC)
)
(/usr/local/texlive/2013/texmf-dist/tex/latex/tools/calc.sty
Package: calc 2007/08/22 v4.3 Infix arithmetic (KKT,FJ)
\calc@Acount=\count88
\calc@Bcount=\count89
\calc@Adimen=\dimen103
\calc@Bdimen=\dimen104
\calc@Askip=\skip45
\calc@Bskip=\skip46
LaTeX Info: Redefining \setlength on input line 76.
LaTeX Info: Redefining \addtolength on input line 77.
\calc@Ccount=\count90
\calc@Cskip=\skip47
)
(/usr/local/texlive/2013/texmf-dist/tex/latex/oberdiek/twoopt.sty
Package: twoopt 2008/08/11 v1.5 Definitions with two optional arguments (HO)
)
(/usr/local/texlive/2013/texmf-dist/tex/latex/amsmath/amsmath.sty
Package: amsmath 2013/01/14 v2.14 AMS math features
\@mathmargin=\skip48

For additional information on amsmath, use the `?' option.
(/usr/local/texlive/2013/texmf-dist/tex/latex/amsmath/amstext.sty
Package: amstext 2000/06/29 v2.01

(/usr/local/texlive/2013/texmf-dist/tex/latex/amsmath/amsgen.sty
File: amsgen.sty 1999/11/30 v2.0
\@emptytoks=\toks14
\ex@=\dimen105
))
(/usr/local/texlive/2013/texmf-dist/tex/latex/amsmath/amsbsy.sty
Package: amsbsy 1999/11/29 v1.2d
\pmbraise@=\dimen106
)
(/usr/local/texlive/2013/texmf-dist/tex/latex/amsmath/amsopn.sty
Package: amsopn 1999/12/14 v2.01 operator names
)
\inf@bad=\count91
LaTeX Info: Redefining \frac on input line 210.
\uproot@=\count92
\leftroot@=\count93
LaTeX Info: Redefining \overline on input line 306.
\classnum@=\count94
\DOTSCASE@=\count95
LaTeX Info: Redefining \ldots on input line 378.
LaTeX Info: Redefining \dots on input line 381.
LaTeX Info: Redefining \cdots on input line 466.
\Mathstrutbox@=\box26
\strutbox@=\box27
\big@size=\dimen107
LaTeX Font Info:    Redeclaring font encoding OML on input line 566.
LaTeX Font Info:    Redeclaring font encoding OMS on input line 567.
\macc@depth=\count96
\c@MaxMatrixCols=\count97
\dotsspace@=\muskip10
\c@parentequation=\count98
\dspbrk@lvl=\count99
\tag@help=\toks15
\row@=\count100
\column@=\count101
\maxfields@=\count102
\andhelp@=\toks16
\eqnshift@=\dimen108
\alignsep@=\dimen109
\tagshift@=\dimen110
\tagwidth@=\dimen111
\totwidth@=\dimen112
\lineht@=\dimen113
\@envbody=\toks17
\multlinegap=\skip49
\multlinetaggap=\skip50
\mathdisplay@stack=\toks18
LaTeX Info: Redefining \[ on input line 2665.
LaTeX Info: Redefining \] on input line 2666.
)
(/usr/local/texlive/2013/texmf-dist/tex/latex/graphics/keyval.sty
Package: keyval 1999/03/16 v1.13 key=value parser (DPC)
\KV@toks@=\toks19
)
(/usr/local/texlive/2013/texmf-dist/tex/latex/graphics/graphics.sty
Package: graphics 2009/02/05 v1.0o Standard LaTeX Graphics (DPC,SPQR)

(/usr/local/texlive/2013/texmf-dist/tex/latex/graphics/trig.sty
Package: trig 1999/03/16 v1.09 sin cos tan (DPC)
)
(/usr/local/texlive/2013/texmf-dist/tex/latex/latexconfig/graphics.cfg
File: graphics.cfg 2010/04/23 v1.9 graphics configuration of TeX Live
)
Package graphics Info: Driver file: pdftex.def on input line 91.

(/usr/local/texlive/2013/texmf-dist/tex/latex/pdftex-def/pdftex.def
File: pdftex.def 2011/05/27 v0.06d Graphics/color for pdfTeX

(/usr/local/texlive/2013/texmf-dist/tex/generic/oberdiek/infwarerr.sty
Package: infwarerr 2010/04/08 v1.3 Providing info/warning/error messages (HO)
)
(/usr/local/texlive/2013/texmf-dist/tex/generic/oberdiek/ltxcmds.sty
Package: ltxcmds 2011/11/09 v1.22 LaTeX kernel commands for general use (HO)
)
\Gread@gobject=\count103
))
(/usr/local/texlive/2013/texmf-dist/tex/generic/oberdiek/pdftexcmds.sty
Package: pdftexcmds 2011/11/29 v0.20 Utility functions of pdfTeX for LuaTeX (HO
)

(/usr/local/texlive/2013/texmf-dist/tex/generic/oberdiek/ifluatex.sty
Package: ifluatex 2010/03/01 v1.3 Provides the ifluatex switch (HO)
Package ifluatex Info: LuaTeX not detected.
)
(/usr/local/texlive/2013/texmf-dist/tex/generic/oberdiek/ifpdf.sty
Package: ifpdf 2011/01/30 v2.3 Provides the ifpdf switch (HO)
Package ifpdf Info: pdfTeX in PDF mode is detected.
)
Package pdftexcmds Info: LuaTeX not detected.
Package pdftexcmds Info: \pdf@primitive is available.
Package pdftexcmds Info: \pdf@ifprimitive is available.
Package pdftexcmds Info: \pdfdraftmode found.
)
(/usr/local/texlive/2013/texmf-dist/tex/latex/l3kernel/expl3.sty
(/usr/local/texlive/2013/texmf-dist/tex/latex/l3kernel/l3names.sty
(/usr/local/texlive/2013/texmf-dist/tex/latex/l3kernel/l3bootstrap.sty
Package: l3bootstrap 2013/01/08 v4420 L3 Experimental bootstrap code
)
Package: l3names 2012/12/07 v4346 L3 Namespace for primitives
)
(/usr/local/texlive/2013/texmf-dist/tex/latex/etex-pkg/etex.sty
Package: etex 1998/03/26 v2.0 eTeX basic definition package (PEB)
\et@xins=\count104
)
Package: expl3 2013/03/14 v4469 L3 Experimental code bundle wrapper

(/usr/local/texlive/2013/texmf-dist/tex/latex/l3kernel/l3basics.sty
Package: l3basics 2013/01/10 v4428 L3 Basic definitions
)
(/usr/local/texlive/2013/texmf-dist/tex/latex/l3kernel/l3expan.sty
Package: l3expan 2013/02/03 v4458 L3 Argument expansion
)
(/usr/local/texlive/2013/texmf-dist/tex/latex/l3kernel/l3tl.sty
Package: l3tl 2013/01/08 v4415 L3 Token lists
)
(/usr/local/texlive/2013/texmf-dist/tex/latex/l3kernel/l3seq.sty
Package: l3seq 2013/01/12 v4434 L3 Sequences and stacks
)
(/usr/local/texlive/2013/texmf-dist/tex/latex/l3kernel/l3int.sty
Package: l3int 2013/01/13 v4444 L3 Integers
\c_max_int=\count105
\l_tmpa_int=\count106
\l_tmpb_int=\count107
\g_tmpa_int=\count108
\g_tmpb_int=\count109
)
(/usr/local/texlive/2013/texmf-dist/tex/latex/l3kernel/l3quark.sty
Package: l3quark 2012/11/04 v4268 L3 Quarks
)
(/usr/local/texlive/2013/texmf-dist/tex/latex/l3kernel/l3prg.sty
Package: l3prg 2013/02/13 v4459 L3 Control structures
\g__prg_map_int=\count110
)
(/usr/local/texlive/2013/texmf-dist/tex/latex/l3kernel/l3clist.sty
Package: l3clist 2013/01/08 v4414 L3 Comma separated lists
)
(/usr/local/texlive/2013/texmf-dist/tex/latex/l3kernel/l3token.sty
Package: l3token 2013/01/10 v4428 L3 Experimental token manipulation
)
(/usr/local/texlive/2013/texmf-dist/tex/latex/l3kernel/l3prop.sty
Package: l3prop 2013/01/09 v4423 L3 Property lists
)
(/usr/local/texlive/2013/texmf-dist/tex/latex/l3kernel/l3msg.sty
Package: l3msg 2013/01/08 v4412 L3 Messages
)
(/usr/local/texlive/2013/texmf-dist/tex/latex/l3kernel/l3file.sty
Package: l3file 2013/01/14 v4446 L3 File and I/O operations
\l_iow_line_count_int=\count111
\l__iow_target_count_int=\count112
\l__iow_current_line_int=\count113
\l__iow_current_word_int=\count114
\l__iow_current_indentation_int=\count115
)
(/usr/local/texlive/2013/texmf-dist/tex/latex/l3kernel/l3skip.sty
Package: l3skip 2013/01/13 v4444 L3 Dimensions and skips
\c_zero_dim=\dimen114
\c_max_dim=\dimen115
\l_tmpa_dim=\dimen116
\l_tmpb_dim=\dimen117
\g_tmpa_dim=\dimen118
\g_tmpb_dim=\dimen119
\c_zero_skip=\skip51
\c_max_skip=\skip52
\l_tmpa_skip=\skip53
\l_tmpb_skip=\skip54
\g_tmpa_skip=\skip55
\g_tmpb_skip=\skip56
\c_zero_muskip=\muskip11
\c_max_muskip=\muskip12
\l_tmpa_muskip=\muskip13
\l_tmpb_muskip=\muskip14
\g_tmpa_muskip=\muskip15
\g_tmpb_muskip=\muskip16
)
(/usr/local/texlive/2013/texmf-dist/tex/latex/l3kernel/l3keys.sty
Package: l3keys 2013/02/24 v4461 L3 Experimental key-value interfaces
\g__keyval_level_int=\count116
\l_keys_choice_int=\count117
)
(/usr/local/texlive/2013/texmf-dist/tex/latex/l3kernel/l3fp.sty
Package: l3fp 2013/01/19 v4449 L3 Floating points
\c__fp_leading_shift_int=\count118
\c__fp_middle_shift_int=\count119
\c__fp_trailing_shift_int=\count120
\c__fp_big_leading_shift_int=\count121
\c__fp_big_middle_shift_int=\count122
\c__fp_big_trailing_shift_int=\count123
\c__fp_Bigg_leading_shift_int=\count124
\c__fp_Bigg_middle_shift_int=\count125
\c__fp_Bigg_trailing_shift_int=\count126
)
(/usr/local/texlive/2013/texmf-dist/tex/latex/l3kernel/l3box.sty
Package: l3box 2013/01/08 v4411 L3 Experimental boxes
\c_empty_box=\box28
\l_tmpa_box=\box29
\l_tmpb_box=\box30
\g_tmpa_box=\box31
\g_tmpb_box=\box32
)
(/usr/local/texlive/2013/texmf-dist/tex/latex/l3kernel/l3coffins.sty
Package: l3coffins 2012/09/09 v4212 L3 Coffin code layer
\l__coffin_internal_box=\box33
\l__coffin_internal_dim=\dimen120
\l__coffin_offset_x_dim=\dimen121
\l__coffin_offset_y_dim=\dimen122
\l__coffin_x_dim=\dimen123
\l__coffin_y_dim=\dimen124
\l__coffin_x_prime_dim=\dimen125
\l__coffin_y_prime_dim=\dimen126
\c_empty_coffin=\box34
\l__coffin_aligned_coffin=\box35
\l__coffin_aligned_internal_coffin=\box36
\l_tmpa_coffin=\box37
\l_tmpb_coffin=\box38
\l__coffin_display_coffin=\box39
\l__coffin_display_coord_coffin=\box40
\l__coffin_display_pole_coffin=\box41
\l__coffin_display_offset_dim=\dimen127
\l__coffin_display_x_dim=\dimen128
\l__coffin_display_y_dim=\dimen129
)
(/usr/local/texlive/2013/texmf-dist/tex/latex/l3kernel/l3color.sty
Package: l3color 2012/08/29 v4156 L3 Experimental color support
)
(/usr/local/texlive/2013/texmf-dist/tex/latex/l3kernel/l3luatex.sty
Package: l3luatex 2012/08/03 v4049 L3 Experimental LuaTeX-specific functions
\g__cctab_allocate_int=\count127
\g__cctab_stack_int=\count128
)
(/usr/local/texlive/2013/texmf-dist/tex/latex/l3kernel/l3candidates.sty
Package: l3candidates 2013/03/14 v4468 L3 Experimental additions to l3kernel
\l__box_top_dim=\dimen130
\l__box_bottom_dim=\dimen131
\l__box_left_dim=\dimen132
\l__box_right_dim=\dimen133
\l__box_top_new_dim=\dimen134
\l__box_bottom_new_dim=\dimen135
\l__box_left_new_dim=\dimen136
\l__box_right_new_dim=\dimen137
\l__box_internal_box=\box42
\l__coffin_bounding_shift_dim=\dimen138
\l__coffin_left_corner_dim=\dimen139
\l__coffin_right_corner_dim=\dimen140
\l__coffin_bottom_corner_dim=\dimen141
\l__coffin_top_corner_dim=\dimen142
\l__coffin_scaled_total_height_dim=\dimen143
\l__coffin_scaled_width_dim=\dimen144
))
\mhchem@ce@result=\toks20
\mhchem@ce@part=\toks21
\mhchem@arrow@deployType=\toks22
\mhchem@arrow@params=\toks23
\mhchem@arrowlength@pgf=\skip57
\mhchem@bondwidth=\skip58
\mhchem@bondheight=\skip59
\mhchem@smallbondwidth@tmpA=\skip60
\mhchem@smallbondwidth@tmpB=\skip61
\mhchem@smallbondwidth=\skip62
\__mhchem_option_version_int=\count129
\mhchem@prepostscript@tmp@i=\skip63
\mhchem@prepostscript@tmp@ii=\skip64
\mhchem@mathbox@tmp@i=\skip65
\mhchem@mathbox@tmp@ii=\skip66
\mhchem@minispace@tmp=\skip67
\mhchem@option@minussidebearingleft=\skip68
\mhchem@option@minussidebearingright=\skip69


Package mhchem Warning: You did not specify a 'version' option for the mhchem
(mhchem)                package. If you are about to create a new document,
(mhchem)                please write \usepackage[version=3]{mhchem} in your
(mhchem)                preamble in order to use the most recent version of
(mhchem)                mhchem.

) (/usr/local/texlive/2013/texmf-dist/tex/latex/psnfss/times.sty
Package: times 2005/04/12 PSNFSS-v9.2a (SPQR) 
)
(/usr/local/texlive/2013/texmf-dist/tex/latex/psnfss/mathptmx.sty
Package: mathptmx 2005/04/12 PSNFSS-v9.2a Times w/ Math, improved (SPQR, WaS) 
LaTeX Font Info:    Redeclaring symbol font `operators' on input line 28.
LaTeX Font Info:    Overwriting symbol font `operators' in version `normal'
(Font)                  OT1/cmr/m/n --> OT1/ztmcm/m/n on input line 28.
LaTeX Font Info:    Overwriting symbol font `operators' in version `bold'
(Font)                  OT1/cmr/bx/n --> OT1/ztmcm/m/n on input line 28.
LaTeX Font Info:    Redeclaring symbol font `letters' on input line 29.
LaTeX Font Info:    Overwriting symbol font `letters' in version `normal'
(Font)                  OML/cmm/m/it --> OML/ztmcm/m/it on input line 29.
LaTeX Font Info:    Overwriting symbol font `letters' in version `bold'
(Font)                  OML/cmm/b/it --> OML/ztmcm/m/it on input line 29.
LaTeX Font Info:    Redeclaring symbol font `symbols' on input line 30.
LaTeX Font Info:    Overwriting symbol font `symbols' in version `normal'
(Font)                  OMS/cmsy/m/n --> OMS/ztmcm/m/n on input line 30.
LaTeX Font Info:    Overwriting symbol font `symbols' in version `bold'
(Font)                  OMS/cmsy/b/n --> OMS/ztmcm/m/n on input line 30.
LaTeX Font Info:    Redeclaring symbol font `largesymbols' on input line 31.
LaTeX Font Info:    Overwriting symbol font `largesymbols' in version `normal'
(Font)                  OMX/cmex/m/n --> OMX/ztmcm/m/n on input line 31.
LaTeX Font Info:    Overwriting symbol font `largesymbols' in version `bold'
(Font)                  OMX/cmex/m/n --> OMX/ztmcm/m/n on input line 31.
\symbold=\mathgroup4
\symitalic=\mathgroup5
LaTeX Font Info:    Redeclaring math alphabet \mathbf on input line 34.
LaTeX Font Info:    Overwriting math alphabet `\mathbf' in version `normal'
(Font)                  OT1/cmr/bx/n --> OT1/ptm/bx/n on input line 34.
LaTeX Font Info:    Overwriting math alphabet `\mathbf' in version `bold'
(Font)                  OT1/cmr/bx/n --> OT1/ptm/bx/n on input line 34.
LaTeX Font Info:    Redeclaring math alphabet \mathit on input line 35.
LaTeX Font Info:    Overwriting math alphabet `\mathit' in version `normal'
(Font)                  OT1/cmr/m/it --> OT1/ptm/m/it on input line 35.
LaTeX Font Info:    Overwriting math alphabet `\mathit' in version `bold'
(Font)                  OT1/cmr/bx/it --> OT1/ptm/m/it on input line 35.
LaTeX Info: Redefining \hbar on input line 50.
)
(/usr/local/texlive/2013/texmf-dist/tex/latex/sectsty/sectsty.sty
Package: sectsty 2002/02/25 v2.0.2 Commands to change all sectional heading sty
les
)
(./balance.sty
Package: balance 1999/02/23 4.3 (PWD)
\oldvsize=\dimen145
)
(/usr/local/texlive/2013/texmf-dist/tex/latex/comment/comment.sty
\CommentStream=\write3

Excluding comment 'comment')
(/usr/local/texlive/2013/texmf-dist/tex/latex/graphics/graphicx.sty
Package: graphicx 1999/02/16 v1.0f Enhanced LaTeX Graphics (DPC,SPQR)
\Gin@req@height=\dimen146
\Gin@req@width=\dimen147
)
(/usr/local/texlive/2013/texmf-dist/tex/latex/lastpage/lastpage.sty
Package: lastpage 2013/01/28 v1.2l Refers to last page's name (HMM; JPG)
)
(./setspace.sty
Package: setspace 2011/12/19 v6.7a set line spacing
) (./caption.sty
Package: caption 2008/04/01 v3.1h Customizing captions (AR)
 (./caption3.sty
Package: caption3 2009/10/09 v3.1k caption3 kernel (AR)
\captionmargin=\dimen148
\captionmargin@=\dimen149
\captionwidth=\dimen150
\caption@indent=\dimen151
\caption@parindent=\dimen152
\caption@hangindent=\dimen153
)
\c@ContinuedFloat=\count130
) (./fancyhdr.sty
\fancy@headwidth=\skip70
\f@ncyO@elh=\skip71
\f@ncyO@erh=\skip72
\f@ncyO@olh=\skip73
\f@ncyO@orh=\skip74
\f@ncyO@elf=\skip75
\f@ncyO@erf=\skip76
\f@ncyO@olf=\skip77
\f@ncyO@orf=\skip78
)
(/usr/local/texlive/2013/texmf-dist/tex/latex/multirow/multirow.sty
\bigstrutjot=\dimen154
)
(/usr/local/texlive/2013/texmf-dist/tex/latex/enumitem/enumitem.sty
Package: enumitem 2011/09/28 v3.5.2 Customized lists
\labelindent=\skip79
\enit@outerparindent=\dimen155
\enit@toks=\toks24
\enit@inbox=\box43
\enitdp@description=\count131
)
(/usr/local/texlive/2013/texmf-dist/tex/latex/booktabs/booktabs.sty
Package: booktabs 2005/04/14 v1.61803 publication quality tables
\heavyrulewidth=\dimen156
\lightrulewidth=\dimen157
\cmidrulewidth=\dimen158
\belowrulesep=\dimen159
\belowbottomsep=\dimen160
\aboverulesep=\dimen161
\abovetopsep=\dimen162
\cmidrulesep=\dimen163
\cmidrulekern=\dimen164
\defaultaddspace=\dimen165
\@cmidla=\count132
\@cmidlb=\count133
\@aboverulesep=\dimen166
\@belowrulesep=\dimen167
\@thisruleclass=\count134
\@lastruleclass=\count135
\@thisrulewidth=\dimen168
)
(/usr/local/texlive/2013/texmf-dist/tex/latex/tools/multicol.sty
Package: multicol 2011/06/27 v1.7a multicolumn formatting (FMi)
\c@tracingmulticols=\count136
\mult@box=\box44
\multicol@leftmargin=\dimen169
\c@unbalance=\count137
\c@collectmore=\count138
\doublecol@number=\count139
\multicoltolerance=\count140
\multicolpretolerance=\count141
\full@width=\dimen170
\page@free=\dimen171
\premulticols=\dimen172
\postmulticols=\dimen173
\multicolsep=\skip80
\multicolbaselineskip=\skip81
\partial@page=\box45
\last@line=\box46
\mult@rightbox=\box47
\mult@grightbox=\box48
\mult@gfirstbox=\box49
\mult@firstbox=\box50
\@tempa=\box51
\@tempa=\box52
\@tempa=\box53
\@tempa=\box54
\@tempa=\box55
\@tempa=\box56
\@tempa=\box57
\@tempa=\box58
\@tempa=\box59
\@tempa=\box60
\@tempa=\box61
\@tempa=\box62
\@tempa=\box63
\@tempa=\box64
\@tempa=\box65
\@tempa=\box66
\@tempa=\box67
\c@columnbadness=\count142
\c@finalcolumnbadness=\count143
\last@try=\dimen174
\multicolovershoot=\dimen175
\multicolundershoot=\dimen176
\mult@nat@firstbox=\box68
\colbreak@box=\box69
\multicol@sort@counter=\count144
)
(/usr/local/texlive/2013/texmf-dist/tex/latex/tools/array.sty
Package: array 2008/09/09 v2.4c Tabular extension package (FMi)
\col@sep=\dimen177
\extrarowheight=\dimen178
\NC@list=\toks25
\extratabsurround=\skip82
\backup@length=\skip83
)

LaTeX Warning: Unused global option(s):
    [11.5pt].

(./OCDFT_PCCP.aux)
\openout1 = `OCDFT_PCCP.aux'.

LaTeX Font Info:    Checking defaults for OML/cmm/m/it on input line 74.
LaTeX Font Info:    ... okay on input line 74.
LaTeX Font Info:    Checking defaults for T1/cmr/m/n on input line 74.
LaTeX Font Info:    ... okay on input line 74.
LaTeX Font Info:    Checking defaults for OT1/cmr/m/n on input line 74.
LaTeX Font Info:    ... okay on input line 74.
LaTeX Font Info:    Checking defaults for OMS/cmsy/m/n on input line 74.
LaTeX Font Info:    ... okay on input line 74.
LaTeX Font Info:    Checking defaults for OMX/cmex/m/n on input line 74.
LaTeX Font Info:    ... okay on input line 74.
LaTeX Font Info:    Checking defaults for U/cmr/m/n on input line 74.
LaTeX Font Info:    ... okay on input line 74.
LaTeX Font Info:    Try loading font information for OT1+ptm on input line 74.

(/usr/local/texlive/2013/texmf-dist/tex/latex/psnfss/ot1ptm.fd
File: ot1ptm.fd 2001/06/04 font definitions for OT1/ptm.
)
(/usr/local/texlive/2013/texmf-dist/tex/context/base/supp-pdf.mkii
[Loading MPS to PDF converter (version 2006.09.02).]
\scratchcounter=\count145
\scratchdimen=\dimen179
\scratchbox=\box70
\nofMPsegments=\count146
\nofMParguments=\count147
\everyMPshowfont=\toks26
\MPscratchCnt=\count148
\MPscratchDim=\dimen180
\MPnumerator=\count149
\makeMPintoPDFobject=\count150
\everyMPtoPDFconversion=\toks27
) (/usr/local/texlive/2013/texmf-dist/tex/latex/oberdiek/epstopdf-base.sty
Package: epstopdf-base 2010/02/09 v2.5 Base part for package epstopdf

(/usr/local/texlive/2013/texmf-dist/tex/latex/oberdiek/grfext.sty
Package: grfext 2010/08/19 v1.1 Manage graphics extensions (HO)

(/usr/local/texlive/2013/texmf-dist/tex/generic/oberdiek/kvdefinekeys.sty
Package: kvdefinekeys 2011/04/07 v1.3 Define keys (HO)
))
(/usr/local/texlive/2013/texmf-dist/tex/latex/oberdiek/kvoptions.sty
Package: kvoptions 2011/06/30 v3.11 Key value format for package options (HO)

(/usr/local/texlive/2013/texmf-dist/tex/generic/oberdiek/kvsetkeys.sty
Package: kvsetkeys 2012/04/25 v1.16 Key value parser (HO)

(/usr/local/texlive/2013/texmf-dist/tex/generic/oberdiek/etexcmds.sty
Package: etexcmds 2011/02/16 v1.5 Avoid name clashes with e-TeX commands (HO)
Package etexcmds Info: Could not find \expanded.
(etexcmds)             That can mean that you are not using pdfTeX 1.50 or
(etexcmds)             that some package has redefined \expanded.
(etexcmds)             In the latter case, load this package earlier.
)))
Package grfext Info: Graphics extension search list:
(grfext)             [.png,.pdf,.jpg,.mps,.jpeg,.jbig2,.jb2,.PNG,.PDF,.JPG,.JPE
G,.JBIG2,.JB2,.eps]
(grfext)             \AppendGraphicsExtensions on input line 452.

(/usr/local/texlive/2013/texmf-dist/tex/latex/latexconfig/epstopdf-sys.cfg
File: epstopdf-sys.cfg 2010/07/13 v1.3 Configuration of (r)epstopdf for TeX Liv
e
))
Package lastpage Info: Please have a look at the pageslts package at
(lastpage)             http://www.ctan.org/tex-archive/ 
(lastpage)             macros/latex/contrib/pageslts/ 
(lastpage)             or
(lastpage)             http://www.ctan.org/tex-archive/ 
(lastpage)             install/macros/latex/contrib/pageslts.tds.zip
(lastpage)             ! on input line 74.
Package caption Info: Begin \AtBeginDocument code.
Package caption Info: End \AtBeginDocument code.


Package Fancyhdr Warning: \fancyfoot's `E' option without twoside option is use
less on input line 100.


Package Fancyhdr Warning: \fancyfoot's `E' option without twoside option is use
less on input line 102.


Package Fancyhdr Warning: \fancyfoot's `E' option without twoside option is use
less on input line 104.

LaTeX Font Info:    Font shape `OT1/ptm/bx/n' in size <17.28> not available
(Font)              Font shape `OT1/ptm/b/n' tried instead on input line 112.

Overfull \hbox (5.74448pt too wide) in paragraph at lines 112--114
\OT1/ptm/b/n/17.28 Orthogonality Con-strained Den-sity Func-tional The-ory for 
X-Ray Spec-
 []

LaTeX Font Info:    Font shape `OT1/ptm/bx/n' in size <12> not available
(Font)              Font shape `OT1/ptm/b/n' tried instead on input line 115.
LaTeX Font Info:    Try loading font information for OT1+ztmcm on input line 11
5.
(/usr/local/texlive/2013/texmf-dist/tex/latex/psnfss/ot1ztmcm.fd
File: ot1ztmcm.fd 2000/01/03 Fontinst v1.801 font definitions for OT1/ztmcm.
)
LaTeX Font Info:    Try loading font information for OML+ztmcm on input line 11
5.

(/usr/local/texlive/2013/texmf-dist/tex/latex/psnfss/omlztmcm.fd
File: omlztmcm.fd 2000/01/03 Fontinst v1.801 font definitions for OML/ztmcm.
)
LaTeX Font Info:    Try loading font information for OMS+ztmcm on input line 11
5.

(/usr/local/texlive/2013/texmf-dist/tex/latex/psnfss/omsztmcm.fd
File: omsztmcm.fd 2000/01/03 Fontinst v1.801 font definitions for OMS/ztmcm.
)
LaTeX Font Info:    Try loading font information for OMX+ztmcm on input line 11
5.

(/usr/local/texlive/2013/texmf-dist/tex/latex/psnfss/omxztmcm.fd
File: omxztmcm.fd 2000/01/03 Fontinst v1.801 font definitions for OMX/ztmcm.
)
LaTeX Font Info:    Font shape `OT1/ptm/bx/n' in size <9> not available
(Font)              Font shape `OT1/ptm/b/n' tried instead on input line 115.
LaTeX Font Info:    Font shape `OT1/ptm/bx/n' in size <7> not available
(Font)              Font shape `OT1/ptm/b/n' tried instead on input line 115.
LaTeX Font Info:    Font shape `OT1/ptm/bx/it' in size <9> not available
(Font)              Font shape `OT1/ptm/b/it' tried instead on input line 120.
Missing character: There is no â in font ptmr7t!
Missing character: There is no € in font ptmr7t!
Missing character: There is no œ in font ptmr7t!
LaTeX Font Info:    Font shape `OT1/ptm/bx/n' in size <14.4> not available
(Font)              Font shape `OT1/ptm/b/n' tried instead on input line 130.
LaTeX Font Info:    Font shape `OT1/ptm/bx/n' in size <10> not available
(Font)              Font shape `OT1/ptm/b/n' tried instead on input line 131.
LaTeX Font Info:    Font shape `OT1/ptm/bx/n' in size <7.4> not available
(Font)              Font shape `OT1/ptm/b/n' tried instead on input line 131.
LaTeX Font Info:    Font shape `OT1/ptm/bx/n' in size <6> not available
(Font)              Font shape `OT1/ptm/b/n' tried instead on input line 131.

<headers/LH.pdf, id=1, 56.21pt x 7.02625pt>
File: headers/LH.pdf Graphic file (type pdf)
 <use headers/LH.pdf>
Package pdftex.def Info: headers/LH.pdf used on input line 134.
(pdftex.def)             Requested size: 64.00714pt x 8.0pt.

<headers/CH.pdf, id=2, 255.95625pt x 17.06375pt>
File: headers/CH.pdf Graphic file (type pdf)
 <use headers/CH.pdf>
Package pdftex.def Info: headers/CH.pdf used on input line 134.
(pdftex.def)             Requested size: 300.01828pt x 20.0pt.

<headers/RH.pdf, id=3, 140.525pt x 10.0375pt>
File: headers/RH.pdf Graphic file (type pdf)
 <use headers/RH.pdf>
Package pdftex.def Info: headers/RH.pdf used on input line 134.
(pdftex.def)             Requested size: 140.00359pt x 10.0pt.

<headers/LF.pdf, id=4, 154.5775pt x 8.03pt>
File: headers/LF.pdf Graphic file (type pdf)
 <use headers/LF.pdf>
Package pdftex.def Info: headers/LF.pdf used on input line 134.
(pdftex.def)             Requested size: 173.26239pt x 9.0pt.

<headers/RF.pdf, id=5, 90.3375pt x 7.02625pt>
File: headers/RF.pdf Graphic file (type pdf)
 <use headers/RF.pdf>
Package pdftex.def Info: headers/RF.pdf used on input line 134.
(pdftex.def)             Requested size: 90.33727pt x 7.02621pt.
LaTeX Font Info:    Try loading font information for OT1+phv on input line 134.


(/usr/local/texlive/2013/texmf-dist/tex/latex/psnfss/ot1phv.fd
File: ot1phv.fd 2001/06/04 scalable font definitions for OT1/phv.
)
LaTeX Font Info:    Try loading font information for OMS+phv on input line 134.


(/usr/local/texlive/2013/texmf-dist/tex/latex/psnfss/omsphv.fd
File: omsphv.fd 
)
LaTeX Font Info:    Font shape `OMS/phv/m/n' in size <8> not available
(Font)              Font shape `OMS/cmsy/m/n' tried instead on input line 134.
 [1

{/usr/local/texlive/2013/texmf-var/fonts/map/pdftex/updmap/pdftex.map} <./heade
rs/LH.pdf> <./headers/CH.pdf> <./headers/RH.pdf> <./headers/LF.pdf> <./headers/
RF.pdf>]
File: headers/LF.pdf Graphic file (type pdf)

<use headers/LF.pdf>
Package pdftex.def Info: headers/LF.pdf used on input line 143.
(pdftex.def)             Requested size: 173.26239pt x 9.0pt.
File: headers/RF.pdf Graphic file (type pdf)
 <use headers/RF.pdf>
Package pdftex.def Info: headers/RF.pdf used on input line 143.
(pdftex.def)             Requested size: 90.33727pt x 7.02621pt.
 [2]
LaTeX Font Info:    Try loading font information for OMS+ptm on input line 154.


(/usr/local/texlive/2013/texmf-dist/tex/latex/psnfss/omsptm.fd
File: omsptm.fd 
)
LaTeX Font Info:    Font shape `OMS/ptm/m/n' in size <10> not available
(Font)              Font shape `OMS/cmsy/m/n' tried instead on input line 154.
File: headers/LF.pdf Graphic file (type pdf)

<use headers/LF.pdf>
Package pdftex.def Info: headers/LF.pdf used on input line 163.
(pdftex.def)             Requested size: 173.26239pt x 9.0pt.
File: headers/RF.pdf Graphic file (type pdf)
 <use headers/RF.pdf>
Package pdftex.def Info: headers/RF.pdf used on input line 163.
(pdftex.def)             Requested size: 90.33727pt x 7.02621pt.
 [3]
<Figure1.pdf, id=101, 722.7pt x 542.025pt>
File: Figure1.pdf Graphic file (type pdf)
 <use Figure1.pdf>
Package pdftex.def Info: Figure1.pdf used on input line 180.
(pdftex.def)             Requested size: 252.94878pt x 189.71158pt.
LaTeX Font Info:    Font shape `OT1/ptm/bx/n' in size <5> not available
(Font)              Font shape `OT1/ptm/b/n' tried instead on input line 181.
File: headers/LF.pdf Graphic file (type pdf)

<use headers/LF.pdf>
Package pdftex.def Info: headers/LF.pdf used on input line 192.
(pdftex.def)             Requested size: 173.26239pt x 9.0pt.
File: headers/RF.pdf Graphic file (type pdf)
 <use headers/RF.pdf>
Package pdftex.def Info: headers/RF.pdf used on input line 192.
(pdftex.def)             Requested size: 90.33727pt x 7.02621pt.
 [4]
Underfull \hbox (badness 10000) in paragraph at lines 198--201

 []

File: headers/LF.pdf Graphic file (type pdf)
<use headers/LF.pdf>
Package pdftex.def Info: headers/LF.pdf used on input line 203.
(pdftex.def)             Requested size: 173.26239pt x 9.0pt.
File: headers/RF.pdf Graphic file (type pdf)
 <use headers/RF.pdf>
Package pdftex.def Info: headers/RF.pdf used on input line 203.
(pdftex.def)             Requested size: 90.33727pt x 7.02621pt.
 [5 <./Figure1.pdf>]
File: headers/LF.pdf Graphic file (type pdf)

<use headers/LF.pdf>
Package pdftex.def Info: headers/LF.pdf used on input line 216.
(pdftex.def)             Requested size: 173.26239pt x 9.0pt.
File: headers/RF.pdf Graphic file (type pdf)
 <use headers/RF.pdf>
Package pdftex.def Info: headers/RF.pdf used on input line 216.
(pdftex.def)             Requested size: 90.33727pt x 7.02621pt.
 [6]
Underfull \hbox (badness 10000) in paragraph at lines 217--237

 []


Underfull \hbox (badness 10000) in paragraph at lines 217--237

 []

File: headers/LF.pdf Graphic file (type pdf)
<use headers/LF.pdf>
Package pdftex.def Info: headers/LF.pdf used on input line 237.
(pdftex.def)             Requested size: 173.26239pt x 9.0pt.
File: headers/RF.pdf Graphic file (type pdf)
 <use headers/RF.pdf>
Package pdftex.def Info: headers/RF.pdf used on input line 237.
(pdftex.def)             Requested size: 90.33727pt x 7.02621pt.
 [7]
<TDDFT_OCDFT_histogram.pdf, id=191, 1514.05652pt x 874.46701pt>
File: TDDFT_OCDFT_histogram.pdf Graphic file (type pdf)

<use TDDFT_OCDFT_histogram.pdf>
Package pdftex.def Info: TDDFT_OCDFT_histogram.pdf used on input line 247.
(pdftex.def)             Requested size: 257.3862pt x 148.65742pt.

Underfull \hbox (badness 10000) in paragraph at lines 244--253

 []


Underfull \hbox (badness 10000) in paragraph at lines 254--296

 []


Underfull \hbox (badness 10000) in paragraph at lines 254--296

 []

File: headers/LF.pdf Graphic file (type pdf)
<use headers/LF.pdf>
Package pdftex.def Info: headers/LF.pdf used on input line 296.
(pdftex.def)             Requested size: 173.26239pt x 9.0pt.
File: headers/RF.pdf Graphic file (type pdf)
 <use headers/RF.pdf>
Package pdftex.def Info: headers/RF.pdf used on input line 296.
(pdftex.def)             Requested size: 90.33727pt x 7.02621pt.
 [8]
<scatterNEW.pdf, id=195, 1514.05652pt x 876.27374pt>
File: scatterNEW.pdf Graphic file (type pdf)
 <use scatterNEW.pdf>
Package pdftex.def Info: scatterNEW.pdf used on input line 299.
(pdftex.def)             Requested size: 257.3862pt x 148.96455pt.
File: headers/LF.pdf Graphic file (type pdf)

<use headers/LF.pdf>
Package pdftex.def Info: headers/LF.pdf used on input line 304.
(pdftex.def)             Requested size: 173.26239pt x 9.0pt.
File: headers/RF.pdf Graphic file (type pdf)
 <use headers/RF.pdf>
Package pdftex.def Info: headers/RF.pdf used on input line 304.
(pdftex.def)             Requested size: 90.33727pt x 7.02621pt.
 [9 <./TDDFT_OCDFT_histogram.pdf>]
<adenineThymineNumbering3D.png, id=223, 815.045pt x 367.3725pt>
File: adenineThymineNumbering3D.png Graphic file (type png)

<use adenineThymineNumbering3D.png>
Package pdftex.def Info: adenineThymineNumbering3D.png used on input line 345.
(pdftex.def)             Requested size: 366.76686pt x 165.31609pt.

<PiStar1.pdf, id=225, 1104.125pt x 1104.125pt>
File: PiStar1.pdf Graphic file (type pdf)
 <use PiStar1.pdf>
Package pdftex.def Info: PiStar1.pdf used on input line 350.
(pdftex.def)             Requested size: 110.41896pt x 110.41896pt.

<PiStar2.pdf, id=226, 1104.125pt x 1104.125pt>
File: PiStar2.pdf Graphic file (type pdf)
 <use PiStar2.pdf>
Package pdftex.def Info: PiStar2.pdf used on input line 350.
(pdftex.def)             Requested size: 110.41896pt x 110.41896pt.

<Ade_PiStar1.pdf, id=227, 1104.125pt x 1104.125pt>
File: Ade_PiStar1.pdf Graphic file (type pdf)
 <use Ade_PiStar1.pdf>
Package pdftex.def Info: Ade_PiStar1.pdf used on input line 352.
(pdftex.def)             Requested size: 110.41896pt x 110.41896pt.

<Ade_PiStar2.pdf, id=228, 1104.125pt x 1104.125pt>
File: Ade_PiStar2.pdf Graphic file (type pdf)
 <use Ade_PiStar2.pdf>
Package pdftex.def Info: Ade_PiStar2.pdf used on input line 352.
(pdftex.def)             Requested size: 110.41896pt x 110.41896pt.

<ThymineOspectraexperiment.png, id=229, 1514.0565pt x 876.27374pt>
File: ThymineOspectraexperiment.png Graphic file (type png)

<use ThymineOspectraexperiment.png>
Package pdftex.def Info: ThymineOspectraexperiment.png used on input line 359.
(pdftex.def)             Requested size: 227.09868pt x 131.43538pt.

<ThymineNspectra.png, id=230, 1514.0565pt x 873.86475pt>
File: ThymineNspectra.png Graphic file (type png)

<use ThymineNspectra.png>
Package pdftex.def Info: ThymineNspectra.png used on input line 360.
(pdftex.def)             Requested size: 227.09868pt x 131.07405pt.

<ThymineCexperimentNEW.png, id=231, 1514.0565pt x 879.285pt>
File: ThymineCexperimentNEW.png Graphic file (type png)

<use ThymineCexperimentNEW.png>
Package pdftex.def Info: ThymineCexperimentNEW.png used on input line 361.
(pdftex.def)             Requested size: 227.09868pt x 131.88705pt.

Underfull \hbox (badness 10000) in paragraph at lines 306--365

 []

File: headers/LF.pdf Graphic file (type pdf)
<use headers/LF.pdf>
Package pdftex.def Info: headers/LF.pdf used on input line 365.
(pdftex.def)             Requested size: 173.26239pt x 9.0pt.
File: headers/RF.pdf Graphic file (type pdf)
 <use headers/RF.pdf>
Package pdftex.def Info: headers/RF.pdf used on input line 365.
(pdftex.def)             Requested size: 90.33727pt x 7.02621pt.
 [10]
<O2_1s.png, id=235, 1464.47125pt x 1229.59375pt>
File: O2_1s.png Graphic file (type png)
 <use O2_1s.png>
Package pdftex.def Info: O2_1s.png used on input line 373.
(pdftex.def)             Requested size: 36.60275pt x 30.73225pt.

<Pi_Star1.png, id=236, 2007.5pt x 2007.5pt>
File: Pi_Star1.png Graphic file (type png)
 <use Pi_Star1.png>
Package pdftex.def Info: Pi_Star1.png used on input line 373.
(pdftex.def)             Requested size: 50.17513pt x 50.17513pt.
File: headers/LF.pdf Graphic file (type pdf)

<use headers/LF.pdf>
Package pdftex.def Info: headers/LF.pdf used on input line 387.
(pdftex.def)             Requested size: 173.26239pt x 9.0pt.
File: headers/RF.pdf Graphic file (type pdf)
 <use headers/RF.pdf>
Package pdftex.def Info: headers/RF.pdf used on input line 387.
(pdftex.def)             Requested size: 90.33727pt x 7.02621pt.
 [11 <./scatterNEW.pdf> <./adenineThymineNumbering3D.png>]
File: headers/LF.pdf Graphic file (type pdf)
 <use headers/LF.pdf>
Package pdftex.def Info: headers/LF.pdf used on input line 413.
(pdftex.def)             Requested size: 173.26239pt x 9.0pt.
File: headers/RF.pdf Graphic file (type pdf)
 <use headers/RF.pdf>
Package pdftex.def Info: headers/RF.pdf used on input line 413.
(pdftex.def)             Requested size: 90.33727pt x 7.02621pt.
 [12]

LaTeX Warning: Text page 13 contains only floats.

File: headers/LF.pdf Graphic file (type pdf)
<use headers/LF.pdf>
Package pdftex.def Info: headers/LF.pdf used on input line 413.
(pdftex.def)             Requested size: 173.26239pt x 9.0pt.
File: headers/RF.pdf Graphic file (type pdf)
 <use headers/RF.pdf>
Package pdftex.def Info: headers/RF.pdf used on input line 413.
(pdftex.def)             Requested size: 90.33727pt x 7.02621pt.
 [13 <./PiStar1.pdf> <./PiStar2.pdf

pdfTeX warning: /usr/texbin/pdflatex (file ./PiStar2.pdf): PDF inclusion: multi
ple pdfs with page group included in a single page
> <./Ade_PiStar1.pdf

pdfTeX warning: /usr/texbin/pdflatex (file ./Ade_PiStar1.pdf): PDF inclusion: m
ultiple pdfs with page group included in a single page
> <./Ade_PiStar2.pdf

pdfTeX warning: /usr/texbin/pdflatex (file ./Ade_PiStar2.pdf): PDF inclusion: m
ultiple pdfs with page group included in a single page
> <./ThymineOspectraexperiment.png> <./ThymineNspectra.png> <./ThymineCexperime
ntNEW.png>] <g130.png, id=809, 390.258pt x 352.6776pt>
File: g130.png Graphic file (type png)
 <use g130.png>
Package pdftex.def Info: g130.png used on input line 415.
(pdftex.def)             Requested size: 234.1566pt x 211.60818pt.


LaTeX Warning: Command \r invalid in math mode on input line 422.

<AdenineNspectra.png, id=810, 1228.59pt x 619.113pt>
File: AdenineNspectra.png Graphic file (type png)
 <use AdenineNspectra.png>
Package pdftex.def Info: AdenineNspectra.png used on input line 431.
(pdftex.def)             Requested size: 245.71364pt x 123.8204pt.

<AdenineCspectra.png, id=811, 1227.98775pt x 620.3175pt>
File: AdenineCspectra.png Graphic file (type png)

<use AdenineCspectra.png>
Package pdftex.def Info: AdenineCspectra.png used on input line 432.
(pdftex.def)             Requested size: 245.5932pt x 124.0613pt.

Underfull \hbox (badness 10000) in paragraph at lines 421--462

 []


Underfull \hbox (badness 10000) in paragraph at lines 421--462

 []


Underfull \hbox (badness 10000) in paragraph at lines 421--462

 []


Underfull \hbox (badness 10000) in paragraph at lines 421--462

 []

File: headers/LF.pdf Graphic file (type pdf)
<use headers/LF.pdf>
Package pdftex.def Info: headers/LF.pdf used on input line 462.
(pdftex.def)             Requested size: 173.26239pt x 9.0pt.
File: headers/RF.pdf Graphic file (type pdf)
 <use headers/RF.pdf>
Package pdftex.def Info: headers/RF.pdf used on input line 462.
(pdftex.def)             Requested size: 90.33727pt x 7.02621pt.
 [14 <./O2_1s.png> <./Pi_Star1.png> <./g130.png>]
File: headers/LF.pdf Graphic file (type pdf)
 <use headers/LF.pdf>
Package pdftex.def Info: headers/LF.pdf used on input line 462.
(pdftex.def)             Requested size: 173.26239pt x 9.0pt.
File: headers/RF.pdf Graphic file (type pdf)
 <use headers/RF.pdf>
Package pdftex.def Info: headers/RF.pdf used on input line 462.
(pdftex.def)             Requested size: 90.33727pt x 7.02621pt.
 [15]
File: headers/LF.pdf Graphic file (type pdf)

<use headers/LF.pdf>
Package pdftex.def Info: headers/LF.pdf used on input line 462.
(pdftex.def)             Requested size: 173.26239pt x 9.0pt.
File: headers/RF.pdf Graphic file (type pdf)
 <use headers/RF.pdf>
Package pdftex.def Info: headers/RF.pdf used on input line 462.
(pdftex.def)             Requested size: 90.33727pt x 7.02621pt.
 [16 <./AdenineNspectra.png> <./AdenineCspectra.png>] (./OCDFT_PCCP.bbl
Underfull \hbox (badness 10000) in paragraph at lines 463--4

 []

LaTeX Font Info:    Font shape `OT1/ptm/bx/n' in size <8> not available
(Font)              Font shape `OT1/ptm/b/n' tried instead on input line 22.
File: headers/LF.pdf Graphic file (type pdf)
<use headers/LF.pdf>
Package pdftex.def Info: headers/LF.pdf used on input line 28.
(pdftex.def)             Requested size: 173.26239pt x 9.0pt.
File: headers/RF.pdf Graphic file (type pdf)
 <use headers/RF.pdf>
Package pdftex.def Info: headers/RF.pdf used on input line 28.
(pdftex.def)             Requested size: 90.33727pt x 7.02621pt.
 [17]
Missing character: There is no Ã in font ptmr7t!
Missing character: There is no … in font ptmr7t!
Missing character: There is no Ã in font ptmr7t!
Missing character: There is no ¤ in font ptmr7t!
Missing character: There is no Ã in font ptmr7t!
Missing character: There is no ¶ in font ptmr7t!
Missing character: There is no Ã in font ptmr7t!
Missing character: There is no … in font ptmr7t!
Missing character: There is no Ì in font ptmr7t!
Missing character: There is no Ã in font ptmr7t!
Missing character: There is no ¶ in font ptmr7t!
File: headers/LF.pdf Graphic file (type pdf)
 <use headers/LF.pdf>
Package pdftex.def Info: headers/LF.pdf used on input line 283.
(pdftex.def)             Requested size: 173.26239pt x 9.0pt.
File: headers/RF.pdf Graphic file (type pdf)

<use headers/RF.pdf>
Package pdftex.def Info: headers/RF.pdf used on input line 283.
(pdftex.def)             Requested size: 90.33727pt x 7.02621pt.
 [18]
Missing character: There is no Ã in font ptmr7t!
Missing character: There is no Ã in font ptmr7t!
Missing character: There is no ¼ in font ptmr7t!
Missing character: There is no Ã in font ptmr7t!
Missing character: There is no © in font ptmr7t!
Missing character: There is no Ã in font ptmr7t!
Missing character: There is no ¼ in font ptmr7t!
Missing character: There is no Ã in font ptmr7t!
Missing character: There is no ¤ in font ptmr7t!
Missing character: There is no Ã in font ptmr7t!
Missing character: There is no ¶ in font ptmr7t!
Missing character: There is no Ì in font ptmr7t!
Missing character: There is no € in font ptmr7t!
File: headers/LF.pdf Graphic file (type pdf)
 <use headers/LF.pdf>
Package pdftex.def Info: headers/LF.pdf used on input line 534.
(pdftex.def)             Requested size: 173.26239pt x 9.0pt.
File: headers/RF.pdf Graphic file (type pdf)
 <use headers/RF.pdf>
Package pdftex.def Info: headers/RF.pdf used on input line 534.
(pdftex.def)             Requested size: 90.33727pt x 7.02621pt.
 [19])

AED: lastpage setting LastPage
File: headers/LF.pdf Graphic file (type pdf)
<use headers/LF.pdf>
Package pdftex.def Info: headers/LF.pdf used on input line 471.
(pdftex.def)             Requested size: 173.26239pt x 9.0pt.
File: headers/RF.pdf Graphic file (type pdf)
 <use headers/RF.pdf>
Package pdftex.def Info: headers/RF.pdf used on input line 471.
(pdftex.def)             Requested size: 90.33727pt x 7.02621pt.
 [20] (./OCDFT_PCCP.aux) ) 
Here is how much of TeX's memory you used:
 10124 strings out of 493315
 174221 string characters out of 6137904
 252903 words of memory out of 5000000
 13343 multiletter control sequences out of 15000+600000
 55668 words of font info for 110 fonts, out of 8000000 for 9000
 957 hyphenation exceptions out of 8191
 38i,14n,43p,1913b,581s stack positions out of 5000i,500n,10000p,200000b,80000s
{/usr/local/texlive/2013/texmf-dist/fonts/enc/dvips/b
ase/8r.enc}</usr/local/texlive/2013/texmf-dist/fonts/type1/public/amsfonts/cm/c
mex10.pfb></usr/local/texlive/2013/texmf-dist/fonts/type1/public/amsfonts/cm/cm
mi10.pfb></usr/local/texlive/2013/texmf-dist/fonts/type1/public/amsfonts/cm/cmr
10.pfb></usr/local/texlive/2013/texmf-dist/fonts/type1/public/amsfonts/cm/cmsy1
0.pfb></usr/local/texlive/2013/texmf-dist/fonts/type1/public/amsfonts/cm/cmsy8.
pfb></usr/local/texlive/2013/texmf-dist/fonts/type1/public/rsfs/rsfs10.pfb></us
r/local/texlive/2013/texmf-dist/fonts/type1/urw/helvetic/uhvr8a.pfb></usr/local
/texlive/2013/texmf-dist/fonts/type1/urw/symbol/usyr.pfb></usr/local/texlive/20
13/texmf-dist/fonts/type1/urw/symbol/usyr.pfb></usr/local/texlive/2013/texmf-di
st/fonts/type1/urw/times/utmb8a.pfb></usr/local/texlive/2013/texmf-dist/fonts/t
ype1/urw/times/utmbi8a.pfb></usr/local/texlive/2013/texmf-dist/fonts/type1/urw/
times/utmr8a.pfb></usr/local/texlive/2013/texmf-dist/fonts/type1/urw/times/utmr
i8a.pfb>
Output written on OCDFT_PCCP.pdf (20 pages, 3185112 bytes).
PDF statistics:
 882 PDF objects out of 1000 (max. 8388607)
 562 compressed objects within 6 object streams
 0 named destinations out of 1000 (max. 500000)
 106 words of extra memory for PDF output out of 10000 (max. 10000000)

